<?xml version="1.0" encoding="UTF-8"?>
<!-- Generated by org.testng.reporters.JUnitReportReporter -->
<testsuite skipped="0" hostname="LAPTOP-GAPOHHEE" name="homeworkIN_TestNG.Homework3" tests="1" failures="0" timestamp="2021-11-22T22:56:17 CST" time="8.344" errors="0">
  <testcase name="testLoginPage" time="8.344" classname="homeworkIN_TestNG.Homework3"/>
  <system-out/>
</testsuite> <!-- homeworkIN_TestNG.Homework3 -->
